<?xml version="1.0" encoding="UTF-8"?>
<testsuite name="com.comision5.salvo.SalvoApplicationTests" tests="1" skipped="0" failures="0" errors="0" timestamp="2019-08-09T19:06:42" hostname="Mac-Casa.local" time="0.177">
  <properties/>
  <testcase name="contextLoads" classname="com.comision5.salvo.SalvoApplicationTests" time="0.177"/>
  <system-out><![CDATA[16:06:32.064 [Test worker] DEBUG org.springframework.test.context.junit4.SpringJUnit4ClassRunner - SpringJUnit4ClassRunner constructor called with [class com.comision5.salvo.SalvoApplicationTests]
16:06:32.076 [Test worker] DEBUG org.springframework.test.context.BootstrapUtils - Instantiating CacheAwareContextLoaderDelegate from class [org.springframework.test.context.cache.DefaultCacheAwareContextLoaderDelegate]
16:06:32.085 [Test worker] DEBUG org.springframework.test.context.BootstrapUtils - Instantiating BootstrapContext using constructor [public org.springframework.test.context.support.DefaultBootstrapContext(java.lang.Class,org.springframework.test.context.CacheAwareContextLoaderDelegate)]
16:06:32.100 [Test worker] DEBUG org.springframework.test.context.BootstrapUtils - Instantiating TestContextBootstrapper for test class [com.comision5.salvo.SalvoApplicationTests] from class [org.springframework.boot.test.context.SpringBootTestContextBootstrapper]
16:06:32.110 [Test worker] INFO org.springframework.boot.test.context.SpringBootTestContextBootstrapper - Neither @ContextConfiguration nor @ContextHierarchy found for test class [com.comision5.salvo.SalvoApplicationTests], using SpringBootContextLoader
16:06:32.113 [Test worker] DEBUG org.springframework.test.context.support.AbstractContextLoader - Did not detect default resource location for test class [com.comision5.salvo.SalvoApplicationTests]: class path resource [com/comision5/salvo/SalvoApplicationTests-context.xml] does not exist
16:06:32.114 [Test worker] DEBUG org.springframework.test.context.support.AbstractContextLoader - Did not detect default resource location for test class [com.comision5.salvo.SalvoApplicationTests]: class path resource [com/comision5/salvo/SalvoApplicationTestsContext.groovy] does not exist
16:06:32.114 [Test worker] INFO org.springframework.test.context.support.AbstractContextLoader - Could not detect default resource locations for test class [com.comision5.salvo.SalvoApplicationTests]: no resource found for suffixes {-context.xml, Context.groovy}.
16:06:32.115 [Test worker] INFO org.springframework.test.context.support.AnnotationConfigContextLoaderUtils - Could not detect default configuration classes for test class [com.comision5.salvo.SalvoApplicationTests]: SalvoApplicationTests does not declare any static, non-private, non-final, nested classes annotated with @Configuration.
16:06:32.206 [Test worker] DEBUG org.springframework.test.context.support.ActiveProfilesUtils - Could not find an 'annotation declaring class' for annotation type [org.springframework.test.context.ActiveProfiles] and class [com.comision5.salvo.SalvoApplicationTests]
16:06:32.289 [Test worker] DEBUG org.springframework.context.annotation.ClassPathScanningCandidateComponentProvider - Identified candidate component class: file [/Users/claudio/Downloads/salvo/build/classes/java/main/com/comision5/salvo/SalvoApplication.class]
16:06:32.290 [Test worker] INFO org.springframework.boot.test.context.SpringBootTestContextBootstrapper - Found @SpringBootConfiguration com.comision5.salvo.SalvoApplication for test class com.comision5.salvo.SalvoApplicationTests
16:06:32.396 [Test worker] DEBUG org.springframework.boot.test.context.SpringBootTestContextBootstrapper - @TestExecutionListeners is not present for class [com.comision5.salvo.SalvoApplicationTests]: using defaults.
16:06:32.397 [Test worker] INFO org.springframework.boot.test.context.SpringBootTestContextBootstrapper - Loaded default TestExecutionListener class names from location [META-INF/spring.factories]: [org.springframework.boot.test.autoconfigure.restdocs.RestDocsTestExecutionListener, org.springframework.boot.test.autoconfigure.web.client.MockRestServiceServerResetTestExecutionListener, org.springframework.boot.test.autoconfigure.web.servlet.MockMvcPrintOnlyOnFailureTestExecutionListener, org.springframework.boot.test.autoconfigure.web.servlet.WebDriverTestExecutionListener, org.springframework.boot.test.mock.mockito.MockitoTestExecutionListener, org.springframework.boot.test.mock.mockito.ResetMocksTestExecutionListener, org.springframework.test.context.web.ServletTestExecutionListener, org.springframework.test.context.support.DirtiesContextBeforeModesTestExecutionListener, org.springframework.test.context.support.DependencyInjectionTestExecutionListener, org.springframework.test.context.support.DirtiesContextTestExecutionListener, org.springframework.test.context.transaction.TransactionalTestExecutionListener, org.springframework.test.context.jdbc.SqlScriptsTestExecutionListener]
16:06:32.411 [Test worker] INFO org.springframework.boot.test.context.SpringBootTestContextBootstrapper - Using TestExecutionListeners: [org.springframework.test.context.web.ServletTestExecutionListener@4945f38d, org.springframework.test.context.support.DirtiesContextBeforeModesTestExecutionListener@4ea7fbc5, org.springframework.boot.test.mock.mockito.MockitoTestExecutionListener@63d36cce, org.springframework.boot.test.autoconfigure.SpringBootDependencyInjectionTestExecutionListener@6331a949, org.springframework.test.context.support.DirtiesContextTestExecutionListener@58ee739, org.springframework.test.context.transaction.TransactionalTestExecutionListener@74864d9e, org.springframework.test.context.jdbc.SqlScriptsTestExecutionListener@c4beadc, org.springframework.boot.test.autoconfigure.restdocs.RestDocsTestExecutionListener@62de71fd, org.springframework.boot.test.autoconfigure.web.client.MockRestServiceServerResetTestExecutionListener@101bf5b0, org.springframework.boot.test.autoconfigure.web.servlet.MockMvcPrintOnlyOnFailureTestExecutionListener@56b7b090, org.springframework.boot.test.autoconfigure.web.servlet.WebDriverTestExecutionListener@5f9bd90, org.springframework.boot.test.mock.mockito.ResetMocksTestExecutionListener@14b9654b]
16:06:32.414 [Test worker] DEBUG org.springframework.test.annotation.ProfileValueUtils - Retrieved @ProfileValueSourceConfiguration [null] for test class [com.comision5.salvo.SalvoApplicationTests]
16:06:32.414 [Test worker] DEBUG org.springframework.test.annotation.ProfileValueUtils - Retrieved ProfileValueSource type [class org.springframework.test.annotation.SystemProfileValueSource] for class [com.comision5.salvo.SalvoApplicationTests]
16:06:32.415 [Test worker] DEBUG org.springframework.test.annotation.ProfileValueUtils - Retrieved @ProfileValueSourceConfiguration [null] for test class [com.comision5.salvo.SalvoApplicationTests]
16:06:32.415 [Test worker] DEBUG org.springframework.test.annotation.ProfileValueUtils - Retrieved ProfileValueSource type [class org.springframework.test.annotation.SystemProfileValueSource] for class [com.comision5.salvo.SalvoApplicationTests]
16:06:32.420 [Test worker] DEBUG org.springframework.test.context.support.AbstractDirtiesContextTestExecutionListener - Before test class: context [DefaultTestContext@124c7751 testClass = SalvoApplicationTests, testInstance = [null], testMethod = [null], testException = [null], mergedContextConfiguration = [WebMergedContextConfiguration@f5fe277 testClass = SalvoApplicationTests, locations = '{}', classes = '{class com.comision5.salvo.SalvoApplication}', contextInitializerClasses = '[]', activeProfiles = '{}', propertySourceLocations = '{}', propertySourceProperties = '{org.springframework.boot.test.context.SpringBootTestContextBootstrapper=true}', contextCustomizers = set[org.springframework.boot.test.autoconfigure.properties.PropertyMappingContextCustomizer@0, org.springframework.boot.test.autoconfigure.web.servlet.WebDriverContextCustomizerFactory$Customizer@746f154d, org.springframework.boot.test.context.filter.ExcludeFilterContextCustomizer@1bb73a47, org.springframework.boot.test.json.DuplicateJsonObjectContextCustomizerFactory$DuplicateJsonObjectContextCustomizer@5422c0b5, org.springframework.boot.test.mock.mockito.MockitoContextCustomizer@0, org.springframework.boot.test.web.client.TestRestTemplateContextCustomizer@34fc83d6], resourceBasePath = 'src/main/webapp', contextLoader = 'org.springframework.boot.test.context.SpringBootContextLoader', parent = [null]], attributes = map['org.springframework.test.context.web.ServletTestExecutionListener.activateListener' -> true]], class annotated with @DirtiesContext [false] with mode [null].
16:06:32.420 [Test worker] DEBUG org.springframework.test.annotation.ProfileValueUtils - Retrieved @ProfileValueSourceConfiguration [null] for test class [com.comision5.salvo.SalvoApplicationTests]
16:06:32.421 [Test worker] DEBUG org.springframework.test.annotation.ProfileValueUtils - Retrieved ProfileValueSource type [class org.springframework.test.annotation.SystemProfileValueSource] for class [com.comision5.salvo.SalvoApplicationTests]
16:06:32.438 [Test worker] DEBUG org.springframework.test.context.support.TestPropertySourceUtils - Adding inlined properties to environment: {spring.jmx.enabled=false, org.springframework.boot.test.context.SpringBootTestContextBootstrapper=true, server.port=-1}

  .   ____          _            __ _ _
 /\\ / ___'_ __ _ _(_)_ __  __ _ \ \ \ \
( ( )\___ | '_ | '_| | '_ \/ _` | \ \ \ \
 \\/  ___)| |_)| | | | | || (_| |  ) ) ) )
  '  |____| .__|_| |_|_| |_\__, | / / / /
 =========|_|==============|___/=/_/_/_/
 :: Spring Boot ::        (v2.1.6.RELEASE)

2019-08-09 16:06:37.667  INFO 24437 --- [    Test worker] c.comision5.salvo.SalvoApplicationTests  : Starting SalvoApplicationTests on Mac-Casa.local with PID 24437 (started by claudio in /Users/claudio/Downloads/salvo)
2019-08-09 16:06:37.668  INFO 24437 --- [    Test worker] c.comision5.salvo.SalvoApplicationTests  : No active profile set, falling back to default profiles: default
2019-08-09 16:06:38.372  INFO 24437 --- [    Test worker] .s.d.r.c.RepositoryConfigurationDelegate : Bootstrapping Spring Data repositories in DEFAULT mode.
2019-08-09 16:06:38.426  INFO 24437 --- [    Test worker] .s.d.r.c.RepositoryConfigurationDelegate : Finished Spring Data repository scanning in 48ms. Found 2 repository interfaces.
2019-08-09 16:06:38.916  INFO 24437 --- [    Test worker] trationDelegate$BeanPostProcessorChecker : Bean 'org.springframework.transaction.annotation.ProxyTransactionManagementConfiguration' of type [org.springframework.transaction.annotation.ProxyTransactionManagementConfiguration$$EnhancerBySpringCGLIB$$8efe015e] is not eligible for getting processed by all BeanPostProcessors (for example: not eligible for auto-proxying)
2019-08-09 16:06:38.957  INFO 24437 --- [    Test worker] trationDelegate$BeanPostProcessorChecker : Bean 'org.springframework.hateoas.config.HateoasConfiguration' of type [org.springframework.hateoas.config.HateoasConfiguration$$EnhancerBySpringCGLIB$$e7e4e90] is not eligible for getting processed by all BeanPostProcessors (for example: not eligible for auto-proxying)
2019-08-09 16:06:39.232  INFO 24437 --- [    Test worker] com.zaxxer.hikari.HikariDataSource       : HikariPool-1 - Starting...
2019-08-09 16:06:39.423  INFO 24437 --- [    Test worker] com.zaxxer.hikari.HikariDataSource       : HikariPool-1 - Start completed.
2019-08-09 16:06:39.507  INFO 24437 --- [    Test worker] o.hibernate.jpa.internal.util.LogHelper  : HHH000204: Processing PersistenceUnitInfo [
	name: default
	...]
2019-08-09 16:06:39.567  INFO 24437 --- [    Test worker] org.hibernate.Version                    : HHH000412: Hibernate Core {5.3.10.Final}
2019-08-09 16:06:39.568  INFO 24437 --- [    Test worker] org.hibernate.cfg.Environment            : HHH000206: hibernate.properties not found
2019-08-09 16:06:39.699  INFO 24437 --- [    Test worker] o.hibernate.annotations.common.Version   : HCANN000001: Hibernate Commons Annotations {5.0.4.Final}
2019-08-09 16:06:39.803  INFO 24437 --- [    Test worker] org.hibernate.dialect.Dialect            : HHH000400: Using dialect: org.hibernate.dialect.H2Dialect
2019-08-09 16:06:40.433  INFO 24437 --- [    Test worker] org.hibernate.tuple.PojoInstantiator     : HHH000182: No default (no-argument) constructor for class: com.comision5.salvo.Player (class must be instantiated by Interceptor)
2019-08-09 16:06:40.536  INFO 24437 --- [    Test worker] o.h.t.schema.internal.SchemaCreatorImpl  : HHH000476: Executing import script 'org.hibernate.tool.schema.internal.exec.ScriptSourceInputNonExistentImpl@59cbf715'
2019-08-09 16:06:40.539  INFO 24437 --- [    Test worker] j.LocalContainerEntityManagerFactoryBean : Initialized JPA EntityManagerFactory for persistence unit 'default'
2019-08-09 16:06:41.879  INFO 24437 --- [    Test worker] o.s.s.concurrent.ThreadPoolTaskExecutor  : Initializing ExecutorService 'applicationTaskExecutor'
2019-08-09 16:06:41.927  WARN 24437 --- [    Test worker] aWebConfiguration$JpaWebMvcConfiguration : spring.jpa.open-in-view is enabled by default. Therefore, database queries may be performed during view rendering. Explicitly configure spring.jpa.open-in-view to disable this warning
2019-08-09 16:06:42.323  INFO 24437 --- [    Test worker] c.comision5.salvo.SalvoApplicationTests  : Started SalvoApplicationTests in 9.873 seconds (JVM running for 10.905)
]]></system-out>
  <system-err><![CDATA[]]></system-err>
</testsuite>
